C51 COMPILER V7.50   UART                                                                  08/31/2013 20:40:32 PAGE 1   


C51 COMPILER V7.50, COMPILATION OF MODULE UART
OBJECT MODULE PLACED IN UART.OBJ
COMPILER INVOKED BY: C:\Keil\C51\BIN\C51.EXE UART.C BROWSE DEBUG OBJECTEXTEND

line level    source

   1          #include <reg51.h>
   2          #include <string.h>
   3          
   4          #define INBUF_LEN 8   //数据长度
   5          
   6          unsigned char inbuf1[INBUF_LEN];
   7          unsigned char play[4]={0xFF,0xA5,0x01,0x00};
   8          unsigned char play1[]="I love you,中国矿业大学";
   9          unsigned char checksum,count3;
  10          bit           read_flag=0;
  11          
  12          void init_serialcomm(void)
  13          {
  14   1          SCON  = 0x50;       //SCON: serail mode 1, 8-bit UART, enable ucvr 
  15   1          TMOD |= 0x20;       //TMOD: timer 1, mode 2, 8-bit reload 
  16   1          PCON |= 0x80;       //SMOD=1; 
  17   1          TH1   = 0xFA;       //Baud:9600  fosc=11.0592MHz 
  18   1          TL1   = 0xFA;
  19   1          IE   |= 0x90;       //Enable Serial Interrupt 
  20   1          TR1   = 1;          // timer 1 run 
  21   1         // TI=1; 
  22   1      }
  23          
  24          //向串口发送一个字符 
  25          void send_char_com(unsigned char ch)  
  26          {
  27   1          SBUF=ch;
  28   1          while(!TI);
  29   1          TI=0;
  30   1      }
  31          
  32          //向串口发送一个字符串，strlen为该字符串长度 
  33          void send_string_com(unsigned char *str,unsigned int strlen)
  34          {
  35   1          unsigned int k=0;
  36   1          do 
  37   1          {
  38   2              send_char_com(*(str + k));
  39   2              k++;
  40   2          } while(k < strlen);
  41   1      }
  42          
  43          
  44          //串口接收中断函数 
  45          void serial () interrupt 4 using 1 
  46          {
  47   1          if(RI)
  48   1          {
  49   2              unsigned char ch;
  50   2              RI = 0;
  51   2              ch=SBUF;
  52   2              if(ch>127)
  53   2              {
  54   3                   count3=0;
  55   3                   inbuf1[count3]=ch;
C51 COMPILER V7.50   UART                                                                  08/31/2013 20:40:32 PAGE 2   

  56   3                   checksum= ch-128;
  57   3              }
  58   2              else 
  59   2              {
  60   3                   inbuf1[count3]=ch;
  61   3                   count3++;
  62   3                   checksum ^= ch;
  63   3                   if( count3==INBUF_LEN)
  64   3                   {
  65   4                       count3=0;
  66   4                       read_flag=1;  //如果串口接收的数据达到INBUF_LEN个，且校验没错， 
  67   4                                     //就置位取数标志 
  68   4                   }
  69   3              }
  70   2          }
  71   1      }
  72          
  73          
  74          main()
  75          {
  76   1          init_serialcomm();  //初始化串口 
  77   1          read_flag=1;
  78   1          while(1)
  79   1          {
  80   2                if(read_flag)  //如果取数标志已置位，就将读到的数从串口发出 
  81   2                {
  82   3                     read_flag=0; //取数标志清0 
  83   3                     //send_string_com(inbuf1,INBUF_LEN);
  84   3                                //以下代码是发送到串口
  85   3           //send_string_com(play,4);
  86   3          // send_string_com(play1,30);
  87   3           send_char_com(0x00);
  88   3           send_char_com(0x01);
  89   3           send_char_com(0x02);
  90   3           send_char_com(0x03);
  91   3           send_char_com(0x04);
  92   3           send_char_com(0x05);
  93   3           send_char_com(0x06);
  94   3           send_char_com(0x08);
  95   3       
  96   3                }
  97   2          }
  98   1      
  99   1      }


MODULE INFORMATION:   STATIC OVERLAYABLE
   CODE SIZE        =    179    ----
   CONSTANT SIZE    =   ----    ----
   XDATA SIZE       =   ----    ----
   PDATA SIZE       =   ----    ----
   DATA SIZE        =     38       6
   IDATA SIZE       =   ----    ----
   BIT SIZE         =      1    ----
END OF MODULE INFORMATION.


C51 COMPILATION COMPLETE.  0 WARNING(S),  0 ERROR(S)
